<?xml version="1.0" encoding="UTF-8"?>
<!-- Generated by org.testng.reporters.JUnitReportReporter -->
<testsuite skipped="0" hostname="LAPTOP-47BSEODG" name="TestNgPackage.addbookTest" tests="1" failures="0" timestamp="22 Jun 2019 16:04:20 GMT" time="23.716" errors="0">
  <testcase name="verifyaddbook" time="23.716" classname="TestNgPackage.addbookTest"/>
</testsuite> <!-- TestNgPackage.addbookTest -->
